====
Starting job 8825279 at Wed 22 Oct 12:40:18 BST 2025 for user dc-vica1.
Running on nodes: b109
====
-------------------------------------------------------------
STREAM version $Revision: 5.10 $
-------------------------------------------------------------
This system uses 8 bytes per array element.
-------------------------------------------------------------
Array size = 90000000 (elements), Offset = 0 (elements)
Memory per array = 686.6 MiB (= 0.7 GiB).
Total memory required = 2059.9 MiB (= 2.0 GiB).
Each kernel will be executed 10 times.
 The *best* time for each kernel (excluding the first iteration)
 will be used to compute the reported bandwidth.
-------------------------------------------------------------
Number of Threads requested = 24
Number of Threads counted = 24
-------------------------------------------------------------
Your clock granularity/precision appears to be 1 microseconds.
Each test below will take on the order of 13695 microseconds.
   (= 13695 clock ticks)
Increase the size of the arrays if this shows that
you are not getting at least 20 clock ticks per test.
-------------------------------------------------------------
WARNING -- The above is only a rough guideline.
For best results, please be sure you know the
precision of your system timer.
-------------------------------------------------------------
Function    Best Rate MB/s  Avg time     Min time     Max time
Copy:          104157.8     0.013852     0.013825     0.013877
Scale:          66672.5     0.021628     0.021598     0.021651
Add:            71456.6     0.030254     0.030228     0.030277
Triad:          71749.2     0.030149     0.030105     0.030184
-------------------------------------------------------------
Solution Validates: avg error less than 1.000000e-13 on all three arrays
-------------------------------------------------------------
