====
Starting job 8825277 at Wed 22 Oct 12:39:45 BST 2025 for user dc-vica1.
Running on nodes: b109
====
-------------------------------------------------------------
STREAM version $Revision: 5.10 $
-------------------------------------------------------------
This system uses 8 bytes per array element.
-------------------------------------------------------------
Array size = 70000000 (elements), Offset = 0 (elements)
Memory per array = 534.1 MiB (= 0.5 GiB).
Total memory required = 1602.2 MiB (= 1.6 GiB).
Each kernel will be executed 10 times.
 The *best* time for each kernel (excluding the first iteration)
 will be used to compute the reported bandwidth.
-------------------------------------------------------------
Number of Threads requested = 24
Number of Threads counted = 24
-------------------------------------------------------------
Your clock granularity/precision appears to be 1 microseconds.
Each test below will take on the order of 10612 microseconds.
   (= 10612 clock ticks)
Increase the size of the arrays if this shows that
you are not getting at least 20 clock ticks per test.
-------------------------------------------------------------
WARNING -- The above is only a rough guideline.
For best results, please be sure you know the
precision of your system timer.
-------------------------------------------------------------
Function    Best Rate MB/s  Avg time     Min time     Max time
Copy:          103321.6     0.010855     0.010840     0.010872
Scale:          67058.1     0.016725     0.016702     0.016752
Add:            71446.7     0.023569     0.023514     0.023596
Triad:          71654.5     0.023465     0.023446     0.023480
-------------------------------------------------------------
Solution Validates: avg error less than 1.000000e-13 on all three arrays
-------------------------------------------------------------
