====
Starting job 8825260 at Wed 22 Oct 12:32:02 BST 2025 for user dc-vica1.
Running on nodes: b106
====
-------------------------------------------------------------
STREAM version $Revision: 5.10 $
-------------------------------------------------------------
This system uses 8 bytes per array element.
-------------------------------------------------------------
Array size = 50000000 (elements), Offset = 0 (elements)
Memory per array = 381.5 MiB (= 0.4 GiB).
Total memory required = 1144.4 MiB (= 1.1 GiB).
Each kernel will be executed 10 times.
 The *best* time for each kernel (excluding the first iteration)
 will be used to compute the reported bandwidth.
-------------------------------------------------------------
Number of Threads requested = 24
Number of Threads counted = 24
-------------------------------------------------------------
Your clock granularity/precision appears to be 1 microseconds.
Each test below will take on the order of 7636 microseconds.
   (= 7636 clock ticks)
Increase the size of the arrays if this shows that
you are not getting at least 20 clock ticks per test.
-------------------------------------------------------------
WARNING -- The above is only a rough guideline.
For best results, please be sure you know the
precision of your system timer.
-------------------------------------------------------------
Function    Best Rate MB/s  Avg time     Min time     Max time
Copy:          100513.5     0.007970     0.007959     0.007979
Scale:          68387.7     0.011713     0.011698     0.011743
Add:            70800.9     0.016962     0.016949     0.016985
Triad:          71534.5     0.016804     0.016775     0.016831
-------------------------------------------------------------
Solution Validates: avg error less than 1.000000e-13 on all three arrays
-------------------------------------------------------------
