====
Starting job 8825250 at Wed 22 Oct 12:29:29 BST 2025 for user dc-vica1.
Running on nodes: gc002
====
-------------------------------------------------------------
STREAM version $Revision: 5.10 $
-------------------------------------------------------------
This system uses 8 bytes per array element.
-------------------------------------------------------------
Array size = 90000000 (elements), Offset = 0 (elements)
Memory per array = 686.6 MiB (= 0.7 GiB).
Total memory required = 2059.9 MiB (= 2.0 GiB).
Each kernel will be executed 10 times.
 The *best* time for each kernel (excluding the first iteration)
 will be used to compute the reported bandwidth.
-------------------------------------------------------------
Number of Threads requested = 24
Number of Threads counted = 24
-------------------------------------------------------------
Your clock granularity/precision appears to be 1 microseconds.
Each test below will take on the order of 8379 microseconds.
   (= 8379 clock ticks)
Increase the size of the arrays if this shows that
you are not getting at least 20 clock ticks per test.
-------------------------------------------------------------
WARNING -- The above is only a rough guideline.
For best results, please be sure you know the
precision of your system timer.
-------------------------------------------------------------
Function    Best Rate MB/s  Avg time     Min time     Max time
Copy:          120562.1     0.011962     0.011944     0.012050
Scale:         114329.5     0.012642     0.012595     0.012760
Add:           137048.0     0.015831     0.015761     0.016188
Triad:         137046.0     0.015843     0.015761     0.016345
-------------------------------------------------------------
Solution Validates: avg error less than 1.000000e-13 on all three arrays
-------------------------------------------------------------
