====
Starting job 8825257 at Wed 22 Oct 12:31:28 BST 2025 for user dc-vica1.
Running on nodes: gc002
====
-------------------------------------------------------------
STREAM version $Revision: 5.10 $
-------------------------------------------------------------
This system uses 8 bytes per array element.
-------------------------------------------------------------
Array size = 50000000 (elements), Offset = 0 (elements)
Memory per array = 381.5 MiB (= 0.4 GiB).
Total memory required = 1144.4 MiB (= 1.1 GiB).
Each kernel will be executed 10 times.
 The *best* time for each kernel (excluding the first iteration)
 will be used to compute the reported bandwidth.
-------------------------------------------------------------
Number of Threads requested = 24
Number of Threads counted = 24
-------------------------------------------------------------
Your clock granularity/precision appears to be 1 microseconds.
Each test below will take on the order of 4659 microseconds.
   (= 4659 clock ticks)
Increase the size of the arrays if this shows that
you are not getting at least 20 clock ticks per test.
-------------------------------------------------------------
WARNING -- The above is only a rough guideline.
For best results, please be sure you know the
precision of your system timer.
-------------------------------------------------------------
Function    Best Rate MB/s  Avg time     Min time     Max time
Copy:          121139.5     0.006623     0.006604     0.006650
Scale:         114076.4     0.007033     0.007013     0.007076
Add:           136488.9     0.008818     0.008792     0.008851
Triad:         136440.8     0.008813     0.008795     0.008830
-------------------------------------------------------------
Solution Validates: avg error less than 1.000000e-13 on all three arrays
-------------------------------------------------------------
