====
Starting job 8825254 at Wed 22 Oct 12:30:29 BST 2025 for user dc-vica1.
Running on nodes: gc002
====
-------------------------------------------------------------
STREAM version $Revision: 5.10 $
-------------------------------------------------------------
This system uses 8 bytes per array element.
-------------------------------------------------------------
Array size = 70000000 (elements), Offset = 0 (elements)
Memory per array = 534.1 MiB (= 0.5 GiB).
Total memory required = 1602.2 MiB (= 1.6 GiB).
Each kernel will be executed 10 times.
 The *best* time for each kernel (excluding the first iteration)
 will be used to compute the reported bandwidth.
-------------------------------------------------------------
Number of Threads requested = 24
Number of Threads counted = 24
-------------------------------------------------------------
Your clock granularity/precision appears to be 1 microseconds.
Each test below will take on the order of 6526 microseconds.
   (= 6526 clock ticks)
Increase the size of the arrays if this shows that
you are not getting at least 20 clock ticks per test.
-------------------------------------------------------------
WARNING -- The above is only a rough guideline.
For best results, please be sure you know the
precision of your system timer.
-------------------------------------------------------------
Function    Best Rate MB/s  Avg time     Min time     Max time
Copy:          120792.5     0.009319     0.009272     0.009558
Scale:         113603.6     0.009922     0.009859     0.010230
Add:           136585.2     0.012350     0.012300     0.012479
Triad:         136131.3     0.012405     0.012341     0.012535
-------------------------------------------------------------
Solution Validates: avg error less than 1.000000e-13 on all three arrays
-------------------------------------------------------------
